生成启动时间为 2020/11/8 23:08:53。
     1>项目“c:\Users\Wj\documents\visual studio 2010\Projects\118\118\118.vcxproj”在节点 2 上(build 个目标)。
     1>InitializeBuildStatus:
         正在创建“Debug\118.unsuccessfulbuild”，因为已指定“AlwaysCreate”。
       ClCompile:
         C:\c\VC\bin\CL.exe /c /ZI /nologo /W3 /WX- /Od /Oy- /D WIN32 /D _DEBUG /D _CONSOLE /D _UNICODE /D UNICODE /Gm /EHsc /RTC1 /MDd /GS /fp:precise /Zc:wchar_t /Zc:forScope /Fo"Debug\\" /Fd"Debug\vc100.pdb" /Gd /TC /analyze- /errorReport:prompt 8.c
         8.c
     1>c:\users\wj\documents\visual studio 2010\projects\118\118\8.c(9): warning C4996: 'scanf': This function or variable may be unsafe. Consider using scanf_s instead. To disable deprecation, use _CRT_SECURE_NO_WARNINGS. See online help for details.
                 c:\c\vc\include\stdio.h(304) : 参见“scanf”的声明
       ManifestResourceCompile:
         所有输出均为最新。
       Link:
         C:\c\VC\bin\link.exe /ERRORREPORT:PROMPT /OUT:"c:\users\wj\documents\visual studio 2010\Projects\118\Debug\118.exe" /INCREMENTAL /NOLOGO kernel32.lib user32.lib gdi32.lib winspool.lib comdlg32.lib advapi32.lib shell32.lib ole32.lib oleaut32.lib uuid.lib odbc32.lib odbccp32.lib /MANIFEST /ManifestFile:"Debug\118.exe.intermediate.manifest" /MANIFESTUAC:"level='asInvoker' uiAccess='false'" /DEBUG /PDB:"c:\users\wj\documents\visual studio 2010\Projects\118\Debug\118.pdb" /SUBSYSTEM:CONSOLE /TLBID:1 /DYNAMICBASE /NXCOMPAT /IMPLIB:"c:\users\wj\documents\visual studio 2010\Projects\118\Debug\118.lib" /MACHINE:X86 Debug\118.exe.embed.manifest.res
         Debug\8.obj
         Debug\file1.obj
         Debug\file2.obj
       Manifest:
         C:\Program Files (x86)\Microsoft SDKs\Windows\v7.0A\bin\mt.exe /nologo /verbose /out:"Debug\118.exe.embed.manifest" /manifest Debug\118.exe.intermediate.manifest
         所有输出均为最新。
       LinkEmbedManifest:
         所有输出均为最新。
         118.vcxproj -> c:\users\wj\documents\visual studio 2010\Projects\118\Debug\118.exe
       FinalizeBuildStatus:
         正在删除文件“Debug\118.unsuccessfulbuild”。
         正在对“Debug\118.lastbuildstate”执行 Touch 任务。
     1>已完成生成项目“c:\Users\Wj\documents\visual studio 2010\Projects\118\118\118.vcxproj”(build 个目标)的操作。

生成成功。

已用时间 00:00:00.59
