生成启动时间为 2020/10/1 16:56:22。
     1>项目“C:\Users\Wj\Documents\Visual Studio 2010\Projects\密码\zifu2\zifu2.vcxproj”在节点 2 上(build 个目标)。
     1>InitializeBuildStatus:
         正在创建“Debug\密码.unsuccessfulbuild”，因为已指定“AlwaysCreate”。
       ClCompile:
         C:\c\VC\bin\CL.exe /c /Zi /nologo /W3 /WX- /Od /Oy- /D WIN32 /D _DEBUG /D _CONSOLE /D _UNICODE /D UNICODE /Gm /EHsc /RTC1 /MDd /GS /fp:precise /Zc:wchar_t /Zc:forScope /Fo"Debug\\" /Fd"Debug\vc100.pdb" /Gd /TP /analyze- /errorReport:prompt "输入密码"
         输入密码
     1>输入密码(9): warning C4996: 'scanf': This function or variable may be unsafe. Consider using scanf_s instead. To disable deprecation, use _CRT_SECURE_NO_WARNINGS. See online help for details.
                 C:\c\VC\include\stdio.h(304) : 参见“scanf”的声明
       ManifestResourceCompile:
         所有输出均为最新。
       Link:
         C:\c\VC\bin\link.exe /ERRORREPORT:PROMPT /OUT:"C:\Users\Wj\Documents\Visual Studio 2010\Projects\密码\Debug\密码.exe" /INCREMENTAL /NOLOGO kernel32.lib user32.lib gdi32.lib winspool.lib comdlg32.lib advapi32.lib shell32.lib ole32.lib oleaut32.lib uuid.lib odbc32.lib odbccp32.lib /MANIFEST /ManifestFile:"Debug\密码.exe.intermediate.manifest" /MANIFESTUAC:"level='asInvoker' uiAccess='false'" /DEBUG /PDB:"C:\Users\Wj\Documents\Visual Studio 2010\Projects\密码\Debug\密码.pdb" /SUBSYSTEM:CONSOLE /TLBID:1 /DYNAMICBASE /NXCOMPAT /IMPLIB:"C:\Users\Wj\Documents\Visual Studio 2010\Projects\密码\Debug\密码.lib" /MACHINE:X86 "Debug\密码.exe.embed.manifest.res"
         "Debug\输入密码.obj"
       Manifest:
         C:\Program Files (x86)\Microsoft SDKs\Windows\v7.0A\bin\mt.exe /nologo /verbose /out:"Debug\密码.exe.embed.manifest" /manifest "Debug\密码.exe.intermediate.manifest"
         所有输出均为最新。
       LinkEmbedManifest:
         所有输出均为最新。
         zifu2.vcxproj -> C:\Users\Wj\Documents\Visual Studio 2010\Projects\密码\Debug\密码.exe
       FinalizeBuildStatus:
         正在删除文件“Debug\密码.unsuccessfulbuild”。
         正在对“Debug\密码.lastbuildstate”执行 Touch 任务。
     1>已完成生成项目“C:\Users\Wj\Documents\Visual Studio 2010\Projects\密码\zifu2\zifu2.vcxproj”(build 个目标)的操作。

生成成功。

已用时间 00:00:00.95
