生成启动时间为 2020/11/11 12:19:25。
     1>项目“C:\Users\Wj\documents\visual studio 2010\Projects\1110\1110\1110.vcxproj”在节点 2 上(build 个目标)。
     1>InitializeBuildStatus:
         正在创建“Debug\1110.unsuccessfulbuild”，因为已指定“AlwaysCreate”。
       ClCompile:
         C:\c\VC\bin\CL.exe /c /ZI /nologo /W3 /WX- /Od /Oy- /D _MBCS /Gm /EHsc /RTC1 /MDd /GS /fp:precise /Zc:wchar_t /Zc:forScope /Fo"Debug\\" /Fd"Debug\vc100.pdb" /Gd /TC /analyze- /errorReport:prompt test.c
         test.c
     1>c:\users\wj\documents\visual studio 2010\projects\1110\1110\test.c(59): warning C4996: 'scanf': This function or variable may be unsafe. Consider using scanf_s instead. To disable deprecation, use _CRT_SECURE_NO_WARNINGS. See online help for details.
                 c:\c\vc\include\stdio.h(304) : 参见“scanf”的声明
       Link:
         C:\c\VC\bin\link.exe /ERRORREPORT:PROMPT /OUT:"C:\Users\Wj\documents\visual studio 2010\Projects\1110\Debug\1110.exe" /NOLOGO kernel32.lib user32.lib gdi32.lib winspool.lib comdlg32.lib advapi32.lib shell32.lib ole32.lib oleaut32.lib uuid.lib odbc32.lib odbccp32.lib /MANIFEST /ManifestFile:"Debug\1110.exe.intermediate.manifest" /MANIFESTUAC:"level='asInvoker' uiAccess='false'" /DEBUG /PDB:"C:\Users\Wj\documents\visual studio 2010\Projects\1110\Debug\1110.pdb" /TLBID:1 /DYNAMICBASE /NXCOMPAT /IMPLIB:"C:\Users\Wj\documents\visual studio 2010\Projects\1110\Debug\1110.lib" /MACHINE:X86 Debug\game.obj
         Debug\test.obj
         LINK : 没有找到 C:\Users\Wj\documents\visual studio 2010\Projects\1110\Debug\1110.exe 或上一个增量链接没有生成它；正在执行完全链接
         1110.vcxproj -> C:\Users\Wj\documents\visual studio 2010\Projects\1110\Debug\1110.exe
       Manifest:
         C:\Program Files (x86)\Microsoft SDKs\Windows\v7.0A\bin\mt.exe /nologo /verbose /outputresource:"C:\Users\Wj\documents\visual studio 2010\Projects\1110\Debug\1110.exe;#1" /manifest Debug\1110.exe.intermediate.manifest
       FinalizeBuildStatus:
         正在删除文件“Debug\1110.unsuccessfulbuild”。
         正在对“Debug\1110.lastbuildstate”执行 Touch 任务。
     1>已完成生成项目“C:\Users\Wj\documents\visual studio 2010\Projects\1110\1110\1110.vcxproj”(build 个目标)的操作。

生成成功。

已用时间 00:00:00.89
