生成启动时间为 2020/11/6 22:09:49。
     1>项目“c:\Users\Wj\documents\visual studio 2010\Projects\116\116\116.vcxproj”在节点 2 上(build 个目标)。
     1>InitializeBuildStatus:
         正在创建“Debug\116.unsuccessfulbuild”，因为已指定“AlwaysCreate”。
       ClCompile:
         C:\c\VC\bin\CL.exe /c /ZI /nologo /W3 /WX- /Od /Oy- /D WIN32 /D _DEBUG /D _CONSOLE /D _UNICODE /D UNICODE /Gm /EHsc /RTC1 /MDd /GS /fp:precise /Zc:wchar_t /Zc:forScope /Fo"Debug\\" /Fd"Debug\vc100.pdb" /Gd /TC /analyze- /errorReport:prompt p.c
         p.c
       ManifestResourceCompile:
         所有输出均为最新。
       Link:
         C:\c\VC\bin\link.exe /ERRORREPORT:PROMPT /OUT:"c:\users\wj\documents\visual studio 2010\Projects\116\Debug\116.exe" /INCREMENTAL /NOLOGO kernel32.lib user32.lib gdi32.lib winspool.lib comdlg32.lib advapi32.lib shell32.lib ole32.lib oleaut32.lib uuid.lib odbc32.lib odbccp32.lib /MANIFEST /ManifestFile:"Debug\116.exe.intermediate.manifest" /MANIFESTUAC:"level='asInvoker' uiAccess='false'" /DEBUG /PDB:"c:\users\wj\documents\visual studio 2010\Projects\116\Debug\116.pdb" /SUBSYSTEM:CONSOLE /TLBID:1 /DYNAMICBASE /NXCOMPAT /IMPLIB:"c:\users\wj\documents\visual studio 2010\Projects\116\Debug\116.lib" /MACHINE:X86 Debug\116.exe.embed.manifest.res
         Debug\6.obj
         Debug\p.obj
       Manifest:
         C:\Program Files (x86)\Microsoft SDKs\Windows\v7.0A\bin\mt.exe /nologo /verbose /out:"Debug\116.exe.embed.manifest" /manifest Debug\116.exe.intermediate.manifest
         所有输出均为最新。
       LinkEmbedManifest:
         所有输出均为最新。
         116.vcxproj -> c:\users\wj\documents\visual studio 2010\Projects\116\Debug\116.exe
       FinalizeBuildStatus:
         正在删除文件“Debug\116.unsuccessfulbuild”。
         正在对“Debug\116.lastbuildstate”执行 Touch 任务。
     1>已完成生成项目“c:\Users\Wj\documents\visual studio 2010\Projects\116\116\116.vcxproj”(build 个目标)的操作。

生成成功。

已用时间 00:00:00.55
