生成启动时间为 2020/10/6 18:53:04。
     1>项目“c:\Users\Wj\documents\visual studio 2010\Projects\emperor\emperor\emperor.vcxproj”在节点 2 上(build 个目标)。
     1>InitializeBuildStatus:
         正在创建“Debug\emperor.unsuccessfulbuild”，因为已指定“AlwaysCreate”。
       ClCompile:
         C:\c\VC\bin\CL.exe /c /ZI /nologo /W3 /WX- /Od /Oy- /D WIN32 /D _DEBUG /D _CONSOLE /D _UNICODE /D UNICODE /Gm /EHsc /RTC1 /MDd /GS /fp:precise /Zc:wchar_t /Zc:forScope /Fo"Debug\\" /Fd"Debug\vc100.pdb" /Gd /TC /analyze- /errorReport:prompt emp.c
         emp.c
     1>c:\users\wj\documents\visual studio 2010\projects\emperor\emperor\emp.c(33): warning C4996: 'scanf': This function or variable may be unsafe. Consider using scanf_s instead. To disable deprecation, use _CRT_SECURE_NO_WARNINGS. See online help for details.
                 c:\c\vc\include\stdio.h(304) : 参见“scanf”的声明
     1>c:\users\wj\documents\visual studio 2010\projects\emperor\emperor\emp.c(41): warning C4996: 'scanf': This function or variable may be unsafe. Consider using scanf_s instead. To disable deprecation, use _CRT_SECURE_NO_WARNINGS. See online help for details.
                 c:\c\vc\include\stdio.h(304) : 参见“scanf”的声明
     1>c:\users\wj\documents\visual studio 2010\projects\emperor\emperor\emp.c(49): warning C4996: 'scanf': This function or variable may be unsafe. Consider using scanf_s instead. To disable deprecation, use _CRT_SECURE_NO_WARNINGS. See online help for details.
                 c:\c\vc\include\stdio.h(304) : 参见“scanf”的声明
     1>c:\users\wj\documents\visual studio 2010\projects\emperor\emperor\emp.c(62): warning C4996: 'scanf': This function or variable may be unsafe. Consider using scanf_s instead. To disable deprecation, use _CRT_SECURE_NO_WARNINGS. See online help for details.
                 c:\c\vc\include\stdio.h(304) : 参见“scanf”的声明
     1>c:\users\wj\documents\visual studio 2010\projects\emperor\emperor\emp.c(86): warning C4996: 'scanf': This function or variable may be unsafe. Consider using scanf_s instead. To disable deprecation, use _CRT_SECURE_NO_WARNINGS. See online help for details.
                 c:\c\vc\include\stdio.h(304) : 参见“scanf”的声明
     1>c:\users\wj\documents\visual studio 2010\projects\emperor\emperor\emp.c(103): warning C4996: 'strcpy': This function or variable may be unsafe. Consider using strcpy_s instead. To disable deprecation, use _CRT_SECURE_NO_WARNINGS. See online help for details.
                 c:\c\vc\include\string.h(105) : 参见“strcpy”的声明
     1>c:\users\wj\documents\visual studio 2010\projects\emperor\emperor\emp.c(131): warning C4996: 'strcpy': This function or variable may be unsafe. Consider using strcpy_s instead. To disable deprecation, use _CRT_SECURE_NO_WARNINGS. See online help for details.
                 c:\c\vc\include\string.h(105) : 参见“strcpy”的声明
     1>c:\users\wj\documents\visual studio 2010\projects\emperor\emperor\emp.c(132): warning C4996: 'strcpy': This function or variable may be unsafe. Consider using strcpy_s instead. To disable deprecation, use _CRT_SECURE_NO_WARNINGS. See online help for details.
                 c:\c\vc\include\string.h(105) : 参见“strcpy”的声明
     1>c:\users\wj\documents\visual studio 2010\projects\emperor\emperor\emp.c(133): warning C4996: 'strcpy': This function or variable may be unsafe. Consider using strcpy_s instead. To disable deprecation, use _CRT_SECURE_NO_WARNINGS. See online help for details.
                 c:\c\vc\include\string.h(105) : 参见“strcpy”的声明
       ManifestResourceCompile:
         所有输出均为最新。
       Link:
         C:\c\VC\bin\link.exe /ERRORREPORT:PROMPT /OUT:"c:\users\wj\documents\visual studio 2010\Projects\emperor\Debug\emperor.exe" /INCREMENTAL /NOLOGO kernel32.lib user32.lib gdi32.lib winspool.lib comdlg32.lib advapi32.lib shell32.lib ole32.lib oleaut32.lib uuid.lib odbc32.lib odbccp32.lib /MANIFEST /ManifestFile:"Debug\emperor.exe.intermediate.manifest" /MANIFESTUAC:"level='asInvoker' uiAccess='false'" /DEBUG /PDB:"c:\users\wj\documents\visual studio 2010\Projects\emperor\Debug\emperor.pdb" /SUBSYSTEM:CONSOLE /TLBID:1 /DYNAMICBASE /NXCOMPAT /IMPLIB:"c:\users\wj\documents\visual studio 2010\Projects\emperor\Debug\emperor.lib" /MACHINE:X86 Debug\emperor.exe.embed.manifest.res
         Debug\emp.obj
       Manifest:
         C:\Program Files (x86)\Microsoft SDKs\Windows\v7.0A\bin\mt.exe /nologo /verbose /out:"Debug\emperor.exe.embed.manifest" /manifest Debug\emperor.exe.intermediate.manifest
         所有输出均为最新。
       LinkEmbedManifest:
         所有输出均为最新。
         emperor.vcxproj -> c:\users\wj\documents\visual studio 2010\Projects\emperor\Debug\emperor.exe
       FinalizeBuildStatus:
         正在删除文件“Debug\emperor.unsuccessfulbuild”。
         正在对“Debug\emperor.lastbuildstate”执行 Touch 任务。
     1>已完成生成项目“c:\Users\Wj\documents\visual studio 2010\Projects\emperor\emperor\emperor.vcxproj”(build 个目标)的操作。

生成成功。

已用时间 00:00:00.85
